(---------------------------------------------------------------------)
(                                                                     )
(    Allegro Netrev Import Logic                                      )
(                                                                     )
(    Drawing          : design1.brd                                   )
(    Software Version : 17.4S019                                      )
(    Date/Time        : Mon Mar  7 13:50:33 2022                      )
(                                                                     )
(---------------------------------------------------------------------)


------ Directives ------------

Ripup etch:                  No
Ripup delete first segment:  No
Ripup retain bondwire:       No
Ripup symbols:               Always
Missing symbol has error:    No
DRC update:                  Yes
Schematic directory:         'G:\ORCAD\TUTORIAL_DESIGN\D0307_003_TUTWEBREFDESIGN\allegro'
Design Directory:            'G:/ORCAD/TUTORIAL_DESIGN/D0307_003_TUTWEBREFDESIGN/allegro'
Old design name:             'G:/ORCAD/TUTORIAL_DESIGN/D0307_003_TUTWEBREFDESIGN/allegro/design1.brd'
New design name:             'G:/ORCAD/TUTORIAL_DESIGN/D0307_003_TUTWEBREFDESIGN/allegro/design1.brd'

CmdLine: netrev -i G:\ORCAD\TUTORIAL_DESIGN\D0307_003_TUTWEBREFDESIGN\allegro -y 1 -q netrev_constraint_report.xml G:/ORCAD/TUTORIAL_DESIGN/D0307_003_TUTWEBREFDESIGN/allegro/#Taaaaad17192.tmp

------ Preparing to read pst files ------

Starting to read G:/ORCAD/TUTORIAL_DESIGN/D0307_003_TUTWEBREFDESIGN/allegro/pstchip.dat 
   Finished reading G:/ORCAD/TUTORIAL_DESIGN/D0307_003_TUTWEBREFDESIGN/allegro/pstchip.dat (00:00:00.01)
Starting to read G:/ORCAD/TUTORIAL_DESIGN/D0307_003_TUTWEBREFDESIGN/allegro/pstxprt.dat 
   Finished reading G:/ORCAD/TUTORIAL_DESIGN/D0307_003_TUTWEBREFDESIGN/allegro/pstxprt.dat (00:00:00.00)
Starting to read G:/ORCAD/TUTORIAL_DESIGN/D0307_003_TUTWEBREFDESIGN/allegro/pstxnet.dat 
   Finished reading G:/ORCAD/TUTORIAL_DESIGN/D0307_003_TUTWEBREFDESIGN/allegro/pstxnet.dat (00:00:00.00)

------ Oversights/Warnings/Errors ------


#1   WARNING(SPMHNI-192): Device/Symbol check warning detected. [help]

WARNING(SPMHNI-194): Symbol 'LED' used by RefDes D2 for device 'LED_LED_LED' not found. 
The symbol either does not exist in the library path (PSMPATH) or is an old symbol from a previous release.  

Set the correct library path if not set or use dbdoctor to migrate old symbols.

#2   WARNING(SPMHNI-192): Device/Symbol check warning detected. [help]

WARNING(SPMHNI-194): Symbol 'HEADER2' used by RefDes J1 for device 'HEADER 2_HEADER2_HEADER 2' not found. 
The symbol either does not exist in the library path (PSMPATH) or is an old symbol from a previous release.  

Set the correct library path if not set or use dbdoctor to migrate old symbols.

#3   WARNING(SPMHNI-192): Device/Symbol check warning detected. [help]

WARNING(SPMHNI-194): Symbol 'R0603_1' used by RefDes R1 for device 'R_R0603_1_1K' not found. 
The symbol either does not exist in the library path (PSMPATH) or is an old symbol from a previous release.  

Set the correct library path if not set or use dbdoctor to migrate old symbols.

------ Library Paths ------
MODULEPATH =  . 
           C:/Cadence/SPB_17.4/share/local/pcb/modules 

PSMPATH =  . 
           symbols 
           .. 
           ../symbols 
           C:/Cadence/SPB_17.4/share/local/pcb/symbols 
           C:/Cadence/SPB_17.4/share/pcb/pcb_lib/symbols 
           C:/Cadence/SPB_17.4/share/pcb/allegrolib/symbols 

PADPATH =  . 
           symbols 
           .. 
           ../symbols 
           C:/Cadence/SPB_17.4/share/local/pcb/padstacks 
           C:/Cadence/SPB_17.4/share/pcb/pcb_lib/symbols 
           C:/Cadence/SPB_17.4/share/pcb/allegrolib/symbols 


------ Summary Statistics ------


netrev run on Mar 7 13:50:33 2022
   DESIGN NAME : 'DESIGN1'
   PACKAGING ON Jul  8 2021 06:01:18

   COMPILE 'logic'
   CHECK_PIN_NAMES OFF
   CROSS_REFERENCE OFF
   FEEDBACK OFF
   INCREMENTAL OFF
   INTERFACE_TYPE PHYSICAL
   MAX_ERRORS 500
   MERGE_MINIMUM 5
   NET_NAME_CHARS '#%&()*+-./:=>?@[]^_`|'
   NET_NAME_LENGTH 24
   OVERSIGHTS ON
   REPLACE_CHECK OFF
   SINGLE_NODE_NETS ON
   SPLIT_MINIMUM 0
   SUPPRESS   20
   WARNINGS ON

 No error detected
 No oversight detected
  3 warnings detected

cpu time      0:00:25
elapsed time  0:00:00

