(---------------------------------------------------------------------)
(                                                                     )
(    Allegro Netrev Import Logic                                      )
(                                                                     )
(    Drawing          : d0308_pcb01gbout.brd                          )
(    Software Version : 17.4S019                                      )
(    Date/Time        : Tue Mar  8 09:42:26 2022                      )
(                                                                     )
(---------------------------------------------------------------------)


------ Directives ------------

Ripup etch:                  No
Ripup delete first segment:  No
Ripup retain bondwire:       No
Ripup symbols:               Always
Missing symbol has error:    No
DRC update:                  Yes
Schematic directory:         'G:\OrCAD\tutorial\tutorial_design\d0308_pcb01gbout\allegro'
Design Directory:            'g:/orcad/tutorial/tutorial_design/d0308_pcb01gbout/pcb'
Old design name:             'g:/orcad/tutorial/tutorial_design/d0308_pcb01gbout/pcb/d0308_pcb01gbout.brd'
New design name:             'g:/orcad/tutorial/tutorial_design/d0308_pcb01gbout/pcb/d0308_pcb01gbout.brd'

CmdLine: netrev.exe -y 1 -n -i G:\OrCAD\tutorial\tutorial_design\d0308_pcb01gbout\allegro g:/orcad/tutorial/tutorial_design/d0308_pcb01gbout/pcb/d0308_pcb01gbout.brd g:/orcad/tutorial/tutorial_design/d0308_pcb01gbout/pcb/d0308_pcb01gbout.brd

------ Preparing to read pst files ------

Starting to read G:/OrCAD/tutorial/tutorial_design/d0308_pcb01gbout/allegro/pstchip.dat 
   Finished reading G:/OrCAD/tutorial/tutorial_design/d0308_pcb01gbout/allegro/pstchip.dat (00:00:00.02)
Starting to read G:/OrCAD/tutorial/tutorial_design/d0308_pcb01gbout/allegro/pstxprt.dat 
   Finished reading G:/OrCAD/tutorial/tutorial_design/d0308_pcb01gbout/allegro/pstxprt.dat (00:00:00.00)
Starting to read G:/OrCAD/tutorial/tutorial_design/d0308_pcb01gbout/allegro/pstxnet.dat 
   Finished reading G:/OrCAD/tutorial/tutorial_design/d0308_pcb01gbout/allegro/pstxnet.dat (00:00:00.00)

------ Oversights/Warnings/Errors ------


------ Library Paths ------
MODULEPATH =  . 
           C:/Cadence/SPB_17.4/share/local/pcb/modules 

PSMPATH =  . 
           symbols 
           .. 
           ../symbols 
           C:/Cadence/SPB_17.4/share/local/pcb/symbols 
           C:/Cadence/SPB_17.4/share/pcb/pcb_lib/symbols 
           C:/Cadence/SPB_17.4/share/pcb/allegrolib/symbols 

PADPATH =  . 
           symbols 
           .. 
           ../symbols 
           C:/Cadence/SPB_17.4/share/local/pcb/padstacks 
           C:/Cadence/SPB_17.4/share/pcb/pcb_lib/symbols 
           C:/Cadence/SPB_17.4/share/pcb/allegrolib/symbols 


------ Summary Statistics ------


netrev run on Mar 8 9:42:26 2022
   DESIGN NAME : 'D0308_PCB01GBOUT'
   PACKAGING ON Jul  8 2021 06:01:18

   COMPILE 'logic'
   CHECK_PIN_NAMES OFF
   CROSS_REFERENCE OFF
   FEEDBACK OFF
   INCREMENTAL OFF
   INTERFACE_TYPE PHYSICAL
   MAX_ERRORS 500
   MERGE_MINIMUM 5
   NET_NAME_CHARS '#%&()*+-./:=>?@[]^_`|'
   NET_NAME_LENGTH 24
   OVERSIGHTS ON
   REPLACE_CHECK OFF
   SINGLE_NODE_NETS ON
   SPLIT_MINIMUM 0
   SUPPRESS   20
   WARNINGS ON

 No error detected
 No oversight detected
 No warning detected

cpu time      0:01:00
elapsed time  0:00:00

